2018-07-19 15:36:57,196 - Log4JLogChute initialized using file 'velocity.log'
2018-07-19 15:36:57,197 - Initializing Velocity, Calling init()...
2018-07-19 15:36:57,197 - Starting Apache Velocity v1.7 (compiled: 2010-11-19 12:14:37)
2018-07-19 15:36:57,197 - Default Properties File: org\apache\velocity\runtime\defaults\velocity.properties
2018-07-19 15:36:57,197 - Trying to use logger class org.apache.velocity.runtime.log.AvalonLogChute
2018-07-19 15:36:57,197 - Target log system for org.apache.velocity.runtime.log.AvalonLogChute is not available (java.lang.NoClassDefFoundError: org/apache/log/format/Formatter).  Falling back to next log system...
2018-07-19 15:36:57,197 - Trying to use logger class org.apache.velocity.runtime.log.Log4JLogChute
2018-07-19 15:36:57,197 - Using logger class org.apache.velocity.runtime.log.Log4JLogChute
2018-07-19 15:36:57,200 - ResourceLoader instantiated: org.apache.velocity.runtime.resource.loader.ClasspathResourceLoader
2018-07-19 15:36:57,203 - ResourceCache: initialized (class org.apache.velocity.runtime.resource.ResourceCacheImpl) with class java.util.Collections$SynchronizedMap cache map.
2018-07-19 15:36:57,203 - Loaded System Directive: org.apache.velocity.runtime.directive.Stop
2018-07-19 15:36:57,204 - Loaded System Directive: org.apache.velocity.runtime.directive.Define
2018-07-19 15:36:57,205 - Loaded System Directive: org.apache.velocity.runtime.directive.Break
2018-07-19 15:36:57,205 - Loaded System Directive: org.apache.velocity.runtime.directive.Evaluate
2018-07-19 15:36:57,205 - Loaded System Directive: org.apache.velocity.runtime.directive.Literal
2018-07-19 15:36:57,206 - Loaded System Directive: org.apache.velocity.runtime.directive.Macro
2018-07-19 15:36:57,207 - Loaded System Directive: org.apache.velocity.runtime.directive.Parse
2018-07-19 15:36:57,207 - Loaded System Directive: org.apache.velocity.runtime.directive.Include
2018-07-19 15:36:57,208 - Loaded System Directive: org.apache.velocity.runtime.directive.Foreach
2018-07-19 15:36:57,228 - Created '20' parsers.
2018-07-19 15:36:57,231 - Velocimacro : "velocimacro.library" is not set.  Trying default library: VM_global_library.vm
2018-07-19 15:36:57,232 - Could not load resource 'VM_global_library.vm' from ResourceLoader org.apache.velocity.runtime.resource.loader.ClasspathResourceLoader: ClasspathResourceLoader Error: cannot find resource VM_global_library.vm
2018-07-19 15:36:57,232 - Velocimacro : Default library not found.
2018-07-19 15:36:57,232 - Velocimacro : allowInline = true : VMs can be defined inline in templates
2018-07-19 15:36:57,232 - Velocimacro : allowInlineToOverride = false : VMs defined inline may NOT replace previous VM definitions
2018-07-19 15:36:57,232 - Velocimacro : allowInlineLocal = false : VMs defined inline will be global in scope if allowed.
2018-07-19 15:36:57,232 - Velocimacro : autoload off : VM system will not automatically reload global library macros
2018-07-19 15:42:02,489 - Log4JLogChute initialized using file 'velocity.log'
2018-07-19 15:42:02,489 - Initializing Velocity, Calling init()...
2018-07-19 15:42:02,489 - Starting Apache Velocity v1.7 (compiled: 2010-11-19 12:14:37)
2018-07-19 15:42:02,489 - Default Properties File: org\apache\velocity\runtime\defaults\velocity.properties
2018-07-19 15:42:02,489 - Trying to use logger class org.apache.velocity.runtime.log.AvalonLogChute
2018-07-19 15:42:02,489 - Target log system for org.apache.velocity.runtime.log.AvalonLogChute is not available (java.lang.NoClassDefFoundError: org/apache/log/format/Formatter).  Falling back to next log system...
2018-07-19 15:42:02,489 - Trying to use logger class org.apache.velocity.runtime.log.Log4JLogChute
2018-07-19 15:42:02,489 - Using logger class org.apache.velocity.runtime.log.Log4JLogChute
2018-07-19 15:42:02,492 - ResourceLoader instantiated: org.apache.velocity.runtime.resource.loader.ClasspathResourceLoader
2018-07-19 15:42:02,494 - ResourceCache: initialized (class org.apache.velocity.runtime.resource.ResourceCacheImpl) with class java.util.Collections$SynchronizedMap cache map.
2018-07-19 15:42:02,495 - Loaded System Directive: org.apache.velocity.runtime.directive.Stop
2018-07-19 15:42:02,496 - Loaded System Directive: org.apache.velocity.runtime.directive.Define
2018-07-19 15:42:02,496 - Loaded System Directive: org.apache.velocity.runtime.directive.Break
2018-07-19 15:42:02,497 - Loaded System Directive: org.apache.velocity.runtime.directive.Evaluate
2018-07-19 15:42:02,497 - Loaded System Directive: org.apache.velocity.runtime.directive.Literal
2018-07-19 15:42:02,498 - Loaded System Directive: org.apache.velocity.runtime.directive.Macro
2018-07-19 15:42:02,499 - Loaded System Directive: org.apache.velocity.runtime.directive.Parse
2018-07-19 15:42:02,499 - Loaded System Directive: org.apache.velocity.runtime.directive.Include
2018-07-19 15:42:02,500 - Loaded System Directive: org.apache.velocity.runtime.directive.Foreach
2018-07-19 15:42:02,520 - Created '20' parsers.
2018-07-19 15:42:02,524 - Velocimacro : "velocimacro.library" is not set.  Trying default library: VM_global_library.vm
2018-07-19 15:42:02,525 - Could not load resource 'VM_global_library.vm' from ResourceLoader org.apache.velocity.runtime.resource.loader.ClasspathResourceLoader: ClasspathResourceLoader Error: cannot find resource VM_global_library.vm
2018-07-19 15:42:02,525 - Velocimacro : Default library not found.
2018-07-19 15:42:02,525 - Velocimacro : allowInline = true : VMs can be defined inline in templates
2018-07-19 15:42:02,525 - Velocimacro : allowInlineToOverride = false : VMs defined inline may NOT replace previous VM definitions
2018-07-19 15:42:02,525 - Velocimacro : allowInlineLocal = false : VMs defined inline will be global in scope if allowed.
2018-07-19 15:42:02,525 - Velocimacro : autoload off : VM system will not automatically reload global library macros
